SF:lib/utils/utils.dart
DA:11,0
LF:1
LH:0
end_of_record
SF:lib/data/models/movie_detail_model.dart
DA:6,3
DA:52,1
DA:53,1
DA:54,1
DA:55,1
DA:56,1
DA:57,1
DA:58,4
DA:59,1
DA:60,1
DA:61,1
DA:62,1
DA:63,1
DA:64,1
DA:65,2
DA:66,1
DA:67,1
DA:68,1
DA:69,1
DA:70,1
DA:71,1
DA:72,1
DA:73,1
DA:74,2
DA:75,1
DA:78,2
DA:79,1
DA:80,1
DA:81,1
DA:82,5
DA:83,1
DA:84,1
DA:85,1
DA:86,1
DA:87,1
DA:88,1
DA:89,1
DA:90,1
DA:91,1
DA:92,1
DA:93,1
DA:94,1
DA:95,1
DA:96,1
DA:97,1
DA:98,1
DA:99,1
DA:102,1
DA:103,1
DA:104,1
DA:105,1
DA:106,5
DA:107,1
DA:108,1
DA:109,1
DA:110,1
DA:111,1
DA:112,1
DA:113,1
DA:114,1
DA:115,1
DA:119,1
DA:120,1
DA:121,1
DA:122,1
DA:123,1
DA:124,1
DA:125,1
DA:126,1
DA:127,1
DA:128,1
DA:129,1
DA:130,1
DA:131,1
DA:132,1
DA:133,1
DA:134,1
DA:135,1
DA:136,1
DA:137,1
DA:138,1
DA:139,1
DA:140,1
DA:141,1
LF:84
LH:84
end_of_record
SF:lib/data/datasources/movie_remote_data_source.dart
DA:18,1
DA:20,1
DA:22,2
DA:24,3
DA:26,2
DA:27,4
DA:29,1
DA:33,1
DA:35,2
DA:37,3
DA:39,2
DA:40,3
DA:42,1
DA:46,1
DA:48,2
DA:50,3
DA:52,2
DA:53,4
DA:55,1
DA:59,1
DA:61,2
DA:63,3
DA:65,2
DA:66,4
DA:68,1
DA:72,1
DA:74,2
DA:76,3
DA:78,2
DA:79,4
DA:81,1
DA:85,0
DA:87,0
DA:89,0
DA:91,0
DA:92,0
DA:94,0
LF:37
LH:31
end_of_record
SF:lib/data/datasources/movie_local_data_source.dart
DA:16,2
DA:18,1
DA:21,2
DA:24,2
DA:28,1
DA:31,2
DA:34,2
DA:38,1
DA:40,2
DA:42,1
DA:48,1
DA:50,2
DA:51,4
DA:54,1
DA:56,2
DA:57,2
DA:60,1
DA:62,2
DA:63,1
DA:64,4
DA:66,1
LF:21
LH:21
end_of_record
SF:lib/data/datasources/db/database_helper.dart
DA:8,0
DA:12,0
DA:16,0
DA:17,0
DA:27,0
DA:28,0
DA:29,0
DA:31,0
DA:35,0
DA:36,0
DA:43,0
DA:44,0
DA:52,0
DA:53,0
DA:60,0
DA:61,0
DA:69,0
DA:72,0
DA:76,0
DA:77,0
DA:78,0
DA:79,0
DA:80,0
DA:81,0
DA:86,0
DA:87,0
DA:88,0
DA:91,0
DA:96,0
DA:97,0
DA:98,0
DA:101,0
DA:105,0
DA:106,0
DA:107,0
DA:110,0
DA:111,0
DA:112,0
DA:115,0
DA:119,0
DA:120,0
DA:121,0
DA:124,0
DA:127,0
DA:128,0
DA:134,0
DA:135,0
DA:136,0
DA:142,0
DA:146,0
DA:147,0
DA:148,0
DA:149,0
DA:150,0
DA:151,0
DA:156,0
DA:157,0
DA:158,0
DA:161,0
DA:166,0
DA:167,0
DA:168,0
DA:171,0
DA:175,0
DA:176,0
DA:177,0
DA:180,0
DA:181,0
DA:182,0
DA:185,0
DA:189,0
DA:190,0
DA:191,0
DA:194,0
DA:197,0
DA:198,0
DA:204,0
DA:205,0
DA:206,0
LF:79
LH:0
end_of_record
SF:lib/utils/network_info.dart
DA:10,1
DA:12,1
DA:13,2
LF:3
LH:3
end_of_record
SF:lib/utils/network_client.dart
DA:7,0
DA:8,0
DA:9,0
DA:10,0
DA:15,0
DA:16,0
DA:17,0
DA:18,0
LF:8
LH:0
end_of_record
SF:lib/data/datasources/tv_local_data_source.dart
DA:16,2
DA:18,1
DA:21,2
DA:24,2
DA:28,1
DA:31,2
DA:34,2
DA:38,1
DA:40,2
DA:42,1
DA:48,1
DA:50,2
DA:51,4
DA:54,1
DA:56,2
DA:57,2
DA:60,1
DA:62,2
DA:63,1
DA:64,4
DA:66,1
LF:21
LH:21
end_of_record
SF:lib/data/datasources/tv_remote_data_source.dart
DA:19,1
DA:21,1
DA:23,2
DA:25,3
DA:27,2
DA:28,4
DA:30,1
DA:34,1
DA:36,2
DA:38,3
DA:40,2
DA:41,4
DA:43,1
DA:47,1
DA:49,2
DA:50,3
DA:52,2
DA:53,3
DA:55,1
DA:59,1
DA:61,2
DA:63,3
DA:65,2
DA:66,4
DA:68,1
DA:72,1
DA:74,2
DA:76,3
DA:78,2
DA:79,4
DA:81,1
DA:85,0
DA:87,0
DA:89,0
DA:91,0
DA:92,0
DA:94,0
DA:98,1
DA:100,2
DA:102,3
DA:104,2
DA:105,3
DA:107,1
LF:43
LH:37
end_of_record
SF:lib/data/models/episodes_model.dart
DA:5,7
DA:20,2
DA:21,1
DA:22,1
DA:23,1
DA:24,1
DA:25,1
DA:26,1
DA:27,1
DA:28,1
DA:29,1
DA:30,1
DA:31,1
DA:32,1
DA:48,1
DA:49,1
DA:50,2
DA:51,2
DA:52,2
DA:53,2
DA:54,2
DA:55,2
DA:56,2
DA:57,2
DA:58,2
DA:59,2
DA:60,2
DA:61,2
DA:65,1
DA:66,1
DA:67,1
DA:68,1
DA:69,1
DA:70,1
DA:71,1
DA:72,1
DA:73,1
DA:74,1
DA:75,1
DA:76,1
DA:77,1
DA:78,1
DA:82,1
DA:83,1
DA:84,1
DA:85,1
DA:86,1
DA:87,1
DA:88,1
DA:89,1
DA:90,1
DA:91,1
DA:92,1
DA:93,1
DA:94,1
DA:95,1
LF:56
LH:56
end_of_record
SF:lib/data/models/genre_model.dart
DA:5,11
DA:13,4
DA:14,2
DA:15,2
DA:18,6
DA:19,3
DA:20,3
DA:23,3
DA:24,9
DA:27,2
DA:28,6
LF:11
LH:11
end_of_record
SF:lib/data/models/last_episode_to_air_model.dart
DA:17,8
DA:31,1
DA:32,1
DA:33,1
DA:34,1
DA:35,1
DA:36,1
DA:37,1
DA:38,1
DA:39,1
DA:40,1
DA:41,1
DA:42,1
DA:43,1
DA:46,2
DA:47,2
DA:48,4
DA:49,4
DA:50,4
DA:51,4
DA:52,4
DA:53,4
DA:54,4
DA:55,4
DA:56,4
DA:57,4
DA:58,4
DA:62,1
DA:63,1
DA:64,1
DA:65,1
DA:66,1
DA:67,1
DA:68,1
DA:69,1
DA:70,1
DA:71,1
DA:72,1
DA:73,1
DA:74,1
DA:78,1
DA:79,1
DA:80,1
DA:81,1
DA:82,1
DA:83,1
DA:84,1
DA:85,1
DA:86,1
DA:87,1
DA:88,1
DA:89,1
DA:90,1
LF:53
LH:53
end_of_record
SF:lib/data/models/movie_model.dart
DA:5,5
DA:35,4
DA:36,2
DA:37,2
DA:38,8
DA:39,2
DA:40,2
DA:41,2
DA:42,4
DA:43,2
DA:44,2
DA:45,2
DA:46,2
DA:47,4
DA:48,2
DA:51,2
DA:52,1
DA:53,1
DA:54,4
DA:55,1
DA:56,1
DA:57,1
DA:58,1
DA:59,1
DA:60,1
DA:61,1
DA:62,1
DA:63,1
DA:64,1
DA:67,2
DA:68,2
DA:69,2
DA:70,2
DA:71,2
DA:72,2
DA:73,2
DA:74,2
DA:75,2
DA:76,2
DA:77,2
DA:78,2
DA:79,2
DA:80,2
DA:81,2
DA:85,2
DA:86,2
DA:87,2
DA:88,2
DA:89,2
DA:90,2
DA:91,2
DA:92,2
DA:93,2
DA:94,2
DA:95,2
DA:96,2
DA:97,2
DA:98,2
DA:99,2
LF:59
LH:59
end_of_record
SF:lib/data/models/movie_response.dart
DA:7,3
DA:9,4
DA:10,4
DA:11,6
DA:12,6
DA:15,2
DA:16,5
DA:19,1
DA:20,2
LF:9
LH:9
end_of_record
SF:lib/data/models/movie_table.dart
DA:12,9
DA:19,2
DA:20,1
DA:21,1
DA:22,1
DA:23,1
DA:26,4
DA:27,2
DA:28,2
DA:29,2
DA:30,2
DA:33,2
DA:34,1
DA:35,1
DA:36,1
DA:37,1
DA:40,2
DA:41,1
DA:42,1
DA:43,1
DA:44,1
DA:47,2
DA:48,1
DA:49,1
DA:50,1
DA:51,1
DA:54,2
DA:55,10
LF:28
LH:28
end_of_record
SF:lib/data/models/seasons_model.dart
DA:13,8
DA:23,2
DA:24,1
DA:25,1
DA:26,1
DA:27,1
DA:28,1
DA:29,1
DA:30,1
DA:33,2
DA:34,2
DA:35,4
DA:36,4
DA:37,4
DA:38,4
DA:39,4
DA:40,4
DA:41,4
DA:45,1
DA:46,1
DA:47,1
DA:48,1
DA:49,1
DA:50,1
DA:51,1
DA:52,1
DA:53,1
DA:57,1
DA:58,1
DA:59,1
DA:60,1
DA:61,1
DA:62,1
DA:63,1
DA:64,1
DA:65,1
LF:36
LH:36
end_of_record
SF:lib/data/models/tv_detail_model.dart
DA:32,7
DA:60,1
DA:61,1
DA:62,1
DA:63,1
DA:64,2
DA:65,1
DA:66,1
DA:67,4
DA:68,1
DA:69,1
DA:70,1
DA:71,1
DA:73,2
DA:74,1
DA:75,1
DA:76,1
DA:77,2
DA:78,1
DA:79,1
DA:80,1
DA:81,1
DA:82,1
DA:83,1
DA:84,4
DA:85,1
DA:86,1
DA:87,1
DA:88,1
DA:89,1
DA:92,1
DA:93,1
DA:94,2
DA:95,2
DA:96,2
DA:97,2
DA:98,6
DA:99,2
DA:100,2
DA:101,2
DA:102,2
DA:103,3
DA:104,2
DA:105,2
DA:106,2
DA:107,2
DA:108,2
DA:109,2
DA:110,2
DA:111,2
DA:112,2
DA:113,6
DA:114,2
DA:115,2
DA:116,2
DA:117,2
DA:118,2
DA:122,1
DA:123,1
DA:124,1
DA:125,1
DA:126,1
DA:127,1
DA:128,5
DA:129,1
DA:130,1
DA:131,1
DA:132,1
DA:133,2
DA:134,1
DA:135,1
DA:136,1
DA:137,1
DA:138,1
DA:139,1
DA:140,1
DA:141,1
DA:142,1
DA:143,5
DA:144,1
DA:145,1
DA:146,1
DA:147,1
DA:148,1
DA:152,1
DA:153,1
DA:154,1
DA:155,1
DA:156,1
DA:157,1
DA:158,1
DA:159,1
DA:160,1
DA:161,1
DA:162,1
DA:163,1
DA:164,1
DA:165,1
DA:166,1
DA:167,1
DA:168,1
DA:169,1
DA:170,1
DA:171,1
DA:172,1
DA:173,1
DA:174,1
DA:175,1
DA:176,1
DA:177,1
LF:110
LH:110
end_of_record
SF:lib/data/models/tv_model.dart
DA:19,4
DA:35,2
DA:36,1
DA:37,1
DA:38,2
DA:39,1
DA:40,1
DA:41,2
DA:42,1
DA:43,1
DA:44,1
DA:45,1
DA:46,1
DA:47,1
DA:48,1
DA:51,4
DA:52,2
DA:53,2
DA:54,8
DA:55,2
DA:56,2
DA:57,2
DA:58,2
DA:59,2
DA:60,2
DA:61,2
DA:62,2
DA:63,2
DA:64,2
DA:67,2
DA:68,2
DA:69,2
DA:70,2
DA:71,2
DA:72,2
DA:73,2
DA:74,2
DA:75,2
DA:76,2
DA:77,2
DA:78,2
DA:79,2
DA:80,2
DA:81,2
DA:85,1
DA:86,1
DA:87,1
DA:88,1
DA:89,1
DA:90,1
DA:91,1
DA:92,1
DA:93,1
DA:94,1
DA:95,1
DA:96,1
DA:97,1
DA:98,1
DA:99,1
LF:59
LH:59
end_of_record
SF:lib/data/models/tv_response.dart
DA:7,2
DA:9,2
DA:10,2
DA:11,3
DA:12,3
DA:15,2
DA:16,5
DA:19,1
DA:20,2
LF:9
LH:9
end_of_record
SF:lib/data/models/tv_seasons_detail_model.dart
DA:7,8
DA:17,1
DA:18,1
DA:19,1
DA:20,1
DA:21,1
DA:22,4
DA:23,1
DA:24,1
DA:25,1
DA:26,1
DA:37,1
DA:38,1
DA:39,2
DA:40,4
DA:41,2
DA:42,2
DA:43,2
DA:44,2
DA:45,2
DA:49,1
DA:50,1
DA:51,1
DA:52,1
DA:53,5
DA:54,1
DA:55,1
DA:56,1
DA:57,1
DA:61,1
DA:62,1
DA:63,1
DA:64,1
DA:65,1
DA:66,1
DA:67,1
DA:68,1
DA:69,1
LF:38
LH:38
end_of_record
SF:lib/data/models/tv_table.dart
DA:11,10
DA:18,2
DA:19,1
DA:20,1
DA:21,1
DA:22,1
DA:25,4
DA:26,2
DA:27,2
DA:28,2
DA:29,2
DA:32,2
DA:33,1
DA:34,1
DA:35,1
DA:36,1
DA:39,2
DA:40,1
DA:41,1
DA:42,1
DA:43,1
DA:46,2
DA:47,1
DA:48,1
DA:49,1
DA:50,1
DA:53,2
DA:54,10
LF:28
LH:28
end_of_record
SF:lib/data/repositories/movie_repository_impl.dart
DA:13,1
DA:19,1
DA:21,2
DA:23,2
DA:24,2
DA:25,4
DA:26,5
DA:27,1
DA:29,1
DA:30,3
DA:31,1
DA:32,3
DA:36,2
DA:37,5
DA:38,1
DA:39,3
DA:44,1
DA:47,2
DA:48,2
DA:49,1
DA:51,1
DA:53,1
DA:54,3
DA:58,1
DA:61,2
DA:62,3
DA:63,1
DA:65,1
DA:67,1
DA:68,3
DA:72,1
DA:75,2
DA:76,5
DA:77,1
DA:79,1
DA:81,1
DA:82,3
DA:86,1
DA:89,2
DA:90,5
DA:91,1
DA:93,1
DA:95,1
DA:96,3
DA:100,1
DA:103,2
DA:104,5
DA:105,1
DA:107,1
DA:109,1
DA:110,3
DA:114,1
DA:118,3
DA:119,1
DA:120,1
DA:121,3
DA:127,1
DA:131,3
DA:132,1
DA:133,1
DA:134,3
DA:138,1
DA:140,2
DA:144,1
DA:146,2
DA:147,5
LF:66
LH:66
end_of_record
SF:lib/data/repositories/tv_repository_impl.dart
DA:13,1
DA:19,1
DA:21,2
DA:23,2
DA:24,2
DA:25,4
DA:26,5
DA:27,1
DA:29,1
DA:30,3
DA:31,1
DA:32,3
DA:36,2
DA:37,5
DA:38,1
DA:39,3
DA:44,1
DA:47,2
DA:48,5
DA:49,1
DA:51,1
DA:53,1
DA:54,3
DA:58,1
DA:61,2
DA:62,2
DA:63,1
DA:65,1
DA:67,1
DA:68,3
DA:72,1
DA:75,2
DA:76,3
DA:77,1
DA:79,1
DA:81,1
DA:82,3
DA:86,1
DA:89,2
DA:90,5
DA:91,1
DA:93,1
DA:95,1
DA:96,3
DA:100,1
DA:103,2
DA:104,5
DA:105,1
DA:106,3
DA:110,1
DA:112,2
DA:116,1
DA:120,3
DA:121,1
DA:122,1
DA:123,3
DA:127,1
DA:131,3
DA:132,1
DA:133,1
DA:134,3
DA:140,1
DA:143,2
DA:144,5
DA:145,1
DA:147,1
DA:149,1
DA:150,3
DA:154,1
DA:158,2
DA:159,2
DA:160,1
DA:162,1
DA:164,1
DA:165,3
LF:75
LH:75
end_of_record
SF:lib/domain/entities/episodes.dart
DA:4,7
DA:32,1
DA:33,1
DA:34,1
DA:35,1
DA:36,1
DA:37,1
DA:38,1
DA:39,1
DA:40,1
DA:41,1
DA:42,1
DA:43,1
DA:44,1
DA:45,1
LF:15
LH:15
end_of_record
SF:lib/domain/entities/genre.dart
DA:4,10
DA:12,3
DA:13,9
LF:3
LH:3
end_of_record
SF:lib/domain/entities/last_episode_to_air.dart
DA:16,7
DA:30,1
DA:31,1
DA:32,1
DA:33,1
DA:34,1
DA:35,1
DA:36,1
DA:37,1
DA:38,1
DA:39,1
DA:40,1
DA:41,1
DA:42,1
LF:14
LH:14
end_of_record
SF:lib/domain/entities/movie.dart
DA:5,2
DA:21,1
DA:42,2
DA:43,2
DA:44,2
DA:45,2
DA:46,2
DA:47,2
DA:48,2
DA:49,2
DA:50,2
DA:51,2
DA:52,2
DA:53,2
DA:54,2
DA:55,2
DA:56,2
LF:17
LH:17
end_of_record
SF:lib/domain/entities/movie_detail.dart
DA:5,6
DA:33,1
DA:34,1
DA:35,1
DA:36,1
DA:37,1
DA:38,1
DA:39,1
DA:40,1
DA:41,1
DA:42,1
DA:43,1
DA:44,1
DA:45,1
LF:14
LH:14
end_of_record
SF:lib/domain/entities/seasons.dart
DA:12,7
DA:22,1
DA:23,1
DA:24,1
DA:25,1
DA:26,1
DA:27,1
DA:28,1
DA:29,1
DA:30,1
LF:10
LH:10
end_of_record
SF:lib/domain/entities/tv.dart
DA:19,2
DA:35,1
DA:42,2
DA:43,2
DA:44,2
DA:45,2
DA:46,2
DA:47,2
DA:48,2
DA:49,2
DA:50,2
DA:51,2
DA:52,2
DA:53,2
DA:54,2
DA:55,2
DA:56,2
LF:17
LH:17
end_of_record
SF:lib/domain/entities/tv_detail.dart
DA:34,7
DA:62,1
DA:63,1
DA:64,1
DA:65,1
DA:66,1
DA:67,1
DA:68,1
DA:69,1
DA:70,1
DA:71,1
DA:72,1
DA:73,1
DA:74,1
DA:75,1
DA:76,1
DA:77,1
DA:78,1
DA:79,1
DA:80,1
DA:81,1
DA:82,1
DA:83,1
DA:84,1
DA:85,1
DA:86,1
DA:87,1
DA:88,1
LF:28
LH:28
end_of_record
SF:lib/domain/entities/tv_seasons_detail.dart
DA:6,7
DA:24,1
DA:25,1
DA:26,1
DA:27,1
DA:28,1
DA:29,1
DA:30,1
DA:31,1
DA:32,1
LF:10
LH:10
end_of_record
SF:lib/presentation/widgets/custom_drawer.dart
DA:6,0
DA:8,0
DA:9,0
DA:16,0
DA:17,0
DA:18,0
DA:28,0
DA:31,0
DA:33,0
DA:36,0
DA:37,0
DA:38,0
DA:40,0
DA:43,0
DA:44,0
DA:45,0
DA:48,0
DA:51,0
DA:52,0
DA:53,0
DA:60,0
DA:61,0
DA:62,0
DA:64,0
DA:66,0
DA:67,0
DA:73,0
DA:75,0
DA:76,0
DA:77,0
DA:78,0
DA:82,0
DA:83,0
DA:84,0
DA:85,0
DA:91,0
DA:92,0
DA:93,0
DA:94,0
DA:95,0
DA:96,0
DA:97,0
DA:99,0
DA:100,0
DA:101,0
DA:102,0
DA:103,0
DA:104,0
DA:105,0
DA:107,0
LF:50
LH:0
end_of_record
SF:lib/presentation/widgets/movie_card.dart
DA:9,0
DA:11,0
DA:13,0
DA:15,0
DA:16,0
DA:17,0
DA:20,0
DA:23,0
DA:25,0
DA:26,0
DA:27,0
DA:33,0
DA:35,0
DA:36,0
DA:37,0
DA:40,0
DA:43,0
DA:44,0
DA:52,0
DA:57,0
DA:59,0
DA:60,0
DA:62,0
DA:65,0
LF:24
LH:0
end_of_record
SF:lib/presentation/widgets/tv_card.dart
DA:9,0
DA:11,0
DA:13,0
DA:15,0
DA:16,0
DA:17,0
DA:20,0
DA:23,0
DA:25,0
DA:26,0
DA:27,0
DA:33,0
DA:35,0
DA:36,0
DA:37,0
DA:40,0
DA:43,0
DA:44,0
DA:52,0
DA:57,0
DA:59,0
DA:60,0
DA:62,0
DA:65,0
LF:24
LH:0
end_of_record
SF:lib/utils/constants.dart
DA:17,0
DA:18,0
DA:19,0
DA:21,0
DA:23,0
DA:27,0
DA:28,0
DA:29,0
DA:30,0
DA:31,0
LF:10
LH:0
end_of_record
SF:lib/utils/exception.dart
DA:6,4
DA:12,2
LF:2
LH:2
end_of_record
SF:lib/utils/failure.dart
DA:6,42
DA:8,2
DA:9,4
DA:13,40
DA:17,44
DA:21,6
DA:25,6
DA:29,6
LF:8
LH:8
end_of_record
