SF:lib/domain/usecase/get_movie_detail.dart
DA:8,1
DA:10,1
DA:11,2
LF:3
LH:3
end_of_record
SF:lib/domain/usecase/get_movie_recommendations.dart
DA:8,1
DA:10,1
DA:11,2
LF:3
LH:3
end_of_record
SF:lib/domain/usecase/get_now_playing_movies.dart
DA:8,1
DA:10,1
DA:11,2
LF:3
LH:3
end_of_record
SF:lib/domain/usecase/get_popular_movies.dart
DA:8,1
DA:10,1
DA:11,2
LF:3
LH:3
end_of_record
SF:lib/domain/usecase/get_top_rated_movies.dart
DA:8,1
DA:10,1
DA:11,2
LF:3
LH:3
end_of_record
SF:lib/domain/usecase/get_watchlist_movies.dart
DA:8,1
DA:10,1
DA:11,2
LF:3
LH:3
end_of_record
SF:lib/domain/usecase/get_watchlist_status.dart
DA:6,1
DA:8,1
DA:9,2
LF:3
LH:3
end_of_record
SF:lib/domain/usecase/remove_watchlist.dart
DA:8,1
DA:10,1
DA:11,2
LF:3
LH:3
end_of_record
SF:lib/domain/usecase/save_watchlist.dart
DA:8,1
DA:10,1
DA:11,2
LF:3
LH:3
end_of_record
SF:lib/presentation/bloc/movie_detail_event.dart
DA:4,4
DA:6,0
DA:7,0
DA:13,3
DA:15,0
DA:16,0
DA:22,1
DA:24,0
DA:25,0
DA:31,1
DA:33,0
DA:34,0
DA:40,0
DA:42,0
DA:43,0
LF:15
LH:4
end_of_record
SF:lib/presentation/bloc/movie_detail_state.dart
DA:4,5
DA:6,1
DA:7,1
DA:15,3
DA:17,1
DA:18,2
DA:27,4
DA:34,1
DA:38,1
DA:39,1
DA:40,1
DA:41,0
DA:42,0
DA:46,1
DA:47,1
DA:48,1
DA:49,1
DA:50,1
DA:51,1
LF:19
LH:17
end_of_record
SF:lib/presentation/bloc/movie_detail_bloc.dart
DA:16,1
DA:22,2
DA:23,2
DA:24,2
DA:25,2
DA:28,1
DA:32,1
DA:33,3
DA:34,4
DA:35,1
DA:36,0
DA:37,0
DA:39,3
DA:46,1
DA:50,1
DA:51,3
DA:52,4
DA:53,1
DA:54,0
DA:55,0
DA:57,3
DA:64,1
DA:68,2
DA:69,3
DA:70,2
DA:71,1
DA:73,3
DA:75,1
DA:76,4
DA:77,1
DA:78,1
DA:79,0
DA:80,2
DA:81,1
LF:34
LH:29
end_of_record
SF:lib/presentation/bloc/now_playing_movies_state.dart
DA:4,2
DA:6,1
DA:7,1
DA:16,2
DA:18,1
DA:19,2
DA:25,1
DA:27,1
DA:28,2
LF:9
LH:9
end_of_record
SF:lib/presentation/bloc/now_playing_movies_bloc.dart
DA:12,1
DA:13,2
DA:14,2
DA:17,1
DA:21,2
DA:22,2
DA:23,1
DA:24,4
DA:25,1
DA:26,1
DA:27,2
DA:29,2
LF:12
LH:12
end_of_record
SF:lib/presentation/bloc/now_playing_movies_event.dart
DA:4,1
DA:6,0
DA:7,0
LF:3
LH:1
end_of_record
SF:lib/presentation/bloc/popular_movies_state.dart
DA:4,4
DA:6,1
DA:7,1
DA:16,3
DA:18,1
DA:19,2
DA:25,3
DA:27,1
DA:28,2
LF:9
LH:9
end_of_record
SF:lib/presentation/bloc/popular_movies_bloc.dart
DA:11,3
DA:12,2
DA:15,1
DA:19,2
DA:20,2
DA:21,1
DA:22,4
DA:23,1
DA:24,1
DA:25,2
DA:27,2
LF:11
LH:11
end_of_record
SF:lib/presentation/bloc/popular_movies_event.dart
DA:4,2
DA:6,0
DA:7,0
LF:3
LH:1
end_of_record
SF:lib/presentation/bloc/top_rated_movies_bloc.dart
DA:12,3
DA:13,2
DA:16,1
DA:20,2
DA:21,2
DA:22,1
DA:23,4
DA:24,1
DA:25,1
DA:26,2
DA:28,2
LF:11
LH:11
end_of_record
SF:lib/presentation/bloc/top_rated_movies_state.dart
DA:4,4
DA:6,1
DA:7,1
DA:17,3
DA:19,1
DA:20,2
DA:26,3
DA:28,1
DA:29,2
LF:9
LH:9
end_of_record
SF:lib/presentation/bloc/top_rated_movies_event.dart
DA:4,2
DA:6,0
DA:7,0
LF:3
LH:1
end_of_record
SF:lib/presentation/bloc/watch_list_movies_state.dart
DA:4,2
DA:6,1
DA:7,1
DA:17,2
DA:19,1
DA:20,2
DA:26,1
DA:28,1
DA:29,2
LF:9
LH:9
end_of_record
SF:lib/presentation/bloc/watch_list_movies_event.dart
DA:4,1
DA:6,0
DA:7,0
LF:3
LH:1
end_of_record
SF:lib/presentation/bloc/watch_list_movies_bloc.dart
DA:12,1
DA:13,2
DA:14,2
DA:17,1
DA:21,2
DA:22,2
DA:23,1
DA:24,4
DA:25,1
DA:26,1
DA:27,2
DA:29,2
LF:12
LH:12
end_of_record
SF:lib/presentation/page/home_movie_page.dart
DA:10,0
DA:12,0
DA:13,0
DA:17,0
DA:19,0
DA:20,0
DA:21,0
DA:22,0
DA:23,0
DA:27,0
DA:29,0
DA:30,0
DA:32,0
DA:33,0
DA:35,0
DA:36,0
DA:38,0
DA:43,0
DA:44,0
DA:45,0
DA:49,0
DA:50,0
DA:51,0
DA:58,0
DA:60,0
DA:62,0
DA:63,0
DA:64,0
DA:68,0
DA:69,0
DA:70,0
DA:77,0
DA:79,0
DA:84,0
DA:85,0
DA:86,0
DA:90,0
DA:91,0
DA:92,0
DA:106,0
DA:107,0
DA:109,0
DA:110,0
DA:112,0
DA:114,0
DA:116,0
DA:118,0
DA:131,0
DA:133,0
DA:135,0
DA:137,0
DA:139,0
DA:140,0
DA:141,0
DA:143,0
DA:144,0
DA:145,0
DA:148,0
DA:151,0
DA:153,0
DA:154,0
DA:155,0
DA:158,0
DA:164,0
LF:64
LH:0
end_of_record
SF:lib/presentation/page/movie_detail_page.dart
DA:10,3
DA:12,2
DA:13,2
DA:17,2
DA:19,2
DA:20,4
DA:21,12
DA:23,8
DA:24,0
DA:25,0
DA:27,0
DA:28,0
DA:34,2
DA:36,2
DA:37,2
DA:38,2
DA:39,2
DA:43,2
DA:44,2
DA:45,2
DA:46,2
DA:48,2
DA:49,2
DA:54,2
DA:67,2
DA:69,2
DA:71,6
DA:72,2
DA:73,2
DA:74,2
DA:75,6
DA:77,2
DA:80,0
DA:82,2
DA:84,2
DA:85,2
DA:86,2
DA:96,2
DA:97,2
DA:98,2
DA:100,2
DA:102,2
DA:104,2
DA:105,2
DA:106,4
DA:107,2
DA:109,2
DA:110,0
DA:111,0
DA:113,0
DA:114,0
DA:117,0
DA:118,0
DA:123,2
DA:125,2
DA:126,2
DA:133,2
DA:134,6
DA:136,2
DA:137,6
DA:139,2
DA:140,2
DA:141,2
DA:142,6
DA:144,2
DA:150,8
DA:154,2
DA:156,2
DA:158,2
DA:159,4
DA:162,2
DA:164,2
DA:166,2
DA:167,2
DA:168,2
DA:172,2
DA:173,0
DA:174,2
DA:175,2
DA:177,2
DA:179,2
DA:180,4
DA:181,2
DA:183,2
DA:184,6
DA:185,1
DA:186,1
DA:189,1
DA:192,2
DA:197,2
DA:199,4
DA:200,2
DA:206,0
DA:213,4
DA:217,0
DA:225,2
DA:227,2
DA:240,2
DA:242,2
DA:245,2
DA:247,1
DA:248,1
DA:257,2
DA:259,4
DA:260,6
DA:263,2
DA:267,6
DA:270,2
DA:271,2
DA:272,2
DA:274,2
DA:275,2
DA:277,1
LF:113
LH:99
end_of_record
SF:lib/presentation/page/now_playing_movies_page.dart
DA:7,0
DA:9,0
DA:10,0
DA:14,0
DA:16,0
DA:17,0
DA:18,0
DA:21,0
DA:23,0
DA:24,0
DA:27,0
DA:29,0
DA:30,0
DA:31,0
DA:35,0
DA:36,0
DA:37,0
DA:38,0
DA:39,0
DA:41,0
DA:43,0
DA:44,0
DA:46,0
LF:23
LH:0
end_of_record
SF:lib/presentation/page/popular_movies_page.dart
DA:7,1
DA:9,1
DA:10,1
DA:14,1
DA:16,1
DA:17,1
DA:18,5
DA:21,1
DA:23,1
DA:24,1
DA:27,1
DA:29,1
DA:30,1
DA:31,1
DA:35,1
DA:36,1
DA:37,1
DA:38,2
DA:39,1
DA:41,2
DA:43,1
DA:44,1
DA:46,2
LF:23
LH:23
end_of_record
SF:lib/presentation/page/top_rated_movies_page.dart
DA:7,1
DA:9,1
DA:10,1
DA:14,1
DA:16,1
DA:17,1
DA:18,5
DA:21,1
DA:23,1
DA:24,1
DA:27,1
DA:29,1
DA:30,1
DA:31,1
DA:35,1
DA:36,1
DA:37,1
DA:38,2
DA:39,1
DA:41,2
DA:43,1
DA:44,1
DA:46,2
LF:23
LH:23
end_of_record
SF:lib/presentation/page/watchlist_movies_page.dart
DA:7,0
DA:9,0
DA:10,0
DA:15,0
DA:17,0
DA:18,0
DA:19,0
DA:22,0
DA:24,0
DA:25,0
DA:28,0
DA:30,0
DA:33,0
DA:35,0
DA:36,0
DA:39,0
DA:41,0
DA:42,0
DA:43,0
DA:47,0
DA:48,0
DA:49,0
DA:50,0
DA:51,0
DA:53,0
DA:55,0
DA:56,0
DA:58,0
DA:69,0
DA:71,0
DA:72,0
LF:31
LH:0
end_of_record
