SF:lib/domain/usecase/get_movie_detail.dart
DA:8,1
DA:10,1
DA:11,2
LF:3
LH:3
end_of_record
SF:lib/domain/usecase/get_movie_recommendations.dart
DA:8,1
DA:10,1
DA:11,2
LF:3
LH:3
end_of_record
SF:lib/domain/usecase/get_now_playing_movies.dart
DA:8,1
DA:10,1
DA:11,2
LF:3
LH:3
end_of_record
SF:lib/domain/usecase/get_popular_movies.dart
DA:8,1
DA:10,1
DA:11,2
LF:3
LH:3
end_of_record
SF:lib/domain/usecase/get_top_rated_movies.dart
DA:8,1
DA:10,1
DA:11,2
LF:3
LH:3
end_of_record
SF:lib/domain/usecase/get_watchlist_movies.dart
DA:8,1
DA:10,1
DA:11,2
LF:3
LH:3
end_of_record
SF:lib/domain/usecase/get_watchlist_status.dart
DA:6,1
DA:8,1
DA:9,2
LF:3
LH:3
end_of_record
SF:lib/domain/usecase/remove_watchlist.dart
DA:8,1
DA:10,1
DA:11,2
LF:3
LH:3
end_of_record
SF:lib/domain/usecase/save_watchlist.dart
DA:8,1
DA:10,1
DA:11,2
LF:3
LH:3
end_of_record
SF:lib/presentation/bloc/movie_detail_event.dart
DA:4,6
DA:6,0
DA:7,0
DA:13,5
DA:15,0
DA:16,0
DA:22,1
DA:24,0
DA:25,0
DA:31,1
DA:33,0
DA:34,0
DA:40,0
DA:42,0
DA:43,0
LF:15
LH:4
end_of_record
SF:lib/presentation/bloc/movie_detail_state.dart
DA:4,7
DA:6,1
DA:7,1
DA:15,3
DA:17,1
DA:18,2
DA:27,6
DA:34,1
DA:38,1
DA:39,1
DA:40,1
DA:41,1
DA:42,0
DA:46,1
DA:47,1
DA:48,1
DA:49,1
DA:50,1
DA:51,1
LF:19
LH:18
end_of_record
SF:lib/presentation/bloc/movie_detail_bloc.dart
DA:16,1
DA:22,2
DA:23,2
DA:24,2
DA:25,2
DA:28,1
DA:32,1
DA:33,3
DA:34,4
DA:35,1
DA:36,3
DA:37,1
DA:39,3
DA:46,1
DA:50,1
DA:51,3
DA:52,4
DA:53,1
DA:54,3
DA:55,1
DA:57,3
DA:64,1
DA:68,2
DA:69,3
DA:70,2
DA:71,1
DA:73,3
DA:75,1
DA:76,4
DA:77,1
DA:78,1
DA:79,0
DA:80,2
DA:81,1
LF:34
LH:33
end_of_record
SF:lib/presentation/bloc/now_playing_movies_state.dart
DA:4,4
DA:6,1
DA:7,1
DA:17,3
DA:19,1
DA:20,2
DA:26,3
DA:28,1
DA:29,2
LF:9
LH:9
end_of_record
SF:lib/presentation/bloc/now_playing_movies_bloc.dart
DA:12,1
DA:13,2
DA:14,2
DA:17,1
DA:21,2
DA:22,2
DA:23,1
DA:24,4
DA:25,1
DA:26,1
DA:27,2
DA:29,2
LF:12
LH:12
end_of_record
SF:lib/presentation/bloc/now_playing_movies_event.dart
DA:4,2
DA:6,0
DA:7,0
LF:3
LH:1
end_of_record
SF:lib/presentation/bloc/popular_movies_state.dart
DA:4,4
DA:6,1
DA:7,1
DA:17,3
DA:19,1
DA:20,2
DA:26,3
DA:28,1
DA:29,2
LF:9
LH:9
end_of_record
SF:lib/presentation/bloc/popular_movies_bloc.dart
DA:11,3
DA:12,2
DA:15,1
DA:19,2
DA:20,2
DA:21,1
DA:22,4
DA:23,1
DA:24,1
DA:25,2
DA:27,2
LF:11
LH:11
end_of_record
SF:lib/presentation/bloc/popular_movies_event.dart
DA:4,2
DA:6,0
DA:7,0
LF:3
LH:1
end_of_record
SF:lib/presentation/bloc/top_rated_movies_bloc.dart
DA:12,3
DA:13,2
DA:16,1
DA:20,2
DA:21,2
DA:22,1
DA:23,4
DA:24,1
DA:25,1
DA:26,2
DA:28,2
LF:11
LH:11
end_of_record
SF:lib/presentation/bloc/top_rated_movies_state.dart
DA:4,4
DA:6,1
DA:7,1
DA:17,3
DA:19,1
DA:20,2
DA:26,3
DA:28,1
DA:29,2
LF:9
LH:9
end_of_record
SF:lib/presentation/bloc/top_rated_movies_event.dart
DA:4,2
DA:6,0
DA:7,0
LF:3
LH:1
end_of_record
SF:lib/presentation/bloc/watch_list_movies_state.dart
DA:4,4
DA:6,1
DA:7,1
DA:17,3
DA:19,1
DA:20,2
DA:26,3
DA:28,1
DA:29,2
LF:9
LH:9
end_of_record
SF:lib/presentation/bloc/watch_list_movies_event.dart
DA:4,2
DA:6,0
DA:7,0
LF:3
LH:1
end_of_record
SF:lib/presentation/bloc/watch_list_movies_bloc.dart
DA:12,1
DA:13,2
DA:14,2
DA:17,1
DA:21,2
DA:22,2
DA:23,1
DA:24,4
DA:25,1
DA:26,1
DA:27,2
DA:29,2
LF:12
LH:12
end_of_record
SF:lib/presentation/page/home_movie_page.dart
DA:10,0
DA:12,0
DA:13,0
DA:17,0
DA:19,0
DA:20,0
DA:21,0
DA:22,0
DA:23,0
DA:27,0
DA:29,0
DA:30,0
DA:32,0
DA:33,0
DA:35,0
DA:36,0
DA:38,0
DA:43,0
DA:44,0
DA:45,0
DA:49,0
DA:50,0
DA:51,0
DA:58,0
DA:60,0
DA:62,0
DA:63,0
DA:64,0
DA:68,0
DA:69,0
DA:70,0
DA:77,0
DA:79,0
DA:84,0
DA:85,0
DA:86,0
DA:90,0
DA:91,0
DA:92,0
DA:106,0
DA:107,0
DA:109,0
DA:110,0
DA:112,0
DA:114,0
DA:116,0
DA:118,0
DA:131,0
DA:133,0
DA:135,0
DA:137,0
DA:139,0
DA:140,0
DA:141,0
DA:143,0
DA:144,0
DA:145,0
DA:148,0
DA:151,0
DA:153,0
DA:154,0
DA:155,0
DA:158,0
DA:164,0
LF:64
LH:0
end_of_record
SF:lib/presentation/page/movie_detail_page.dart
DA:10,5
DA:12,4
DA:13,4
DA:17,4
DA:19,4
DA:20,8
DA:21,24
DA:23,16
DA:24,0
DA:25,0
DA:27,0
DA:28,0
DA:34,4
DA:36,4
DA:37,4
DA:38,4
DA:39,4
DA:43,4
DA:44,4
DA:45,4
DA:46,4
DA:48,4
DA:49,4
DA:54,2
DA:67,4
DA:69,4
DA:71,12
DA:72,4
DA:73,4
DA:74,4
DA:75,12
DA:77,4
DA:80,0
DA:82,4
DA:84,4
DA:85,4
DA:86,4
DA:96,4
DA:97,4
DA:98,4
DA:100,4
DA:102,4
DA:104,4
DA:105,4
DA:106,8
DA:107,4
DA:109,4
DA:110,0
DA:111,0
DA:113,0
DA:114,0
DA:117,0
DA:118,0
DA:121,4
DA:123,4
DA:124,4
DA:131,4
DA:132,12
DA:134,4
DA:135,12
DA:137,4
DA:138,4
DA:139,4
DA:140,12
DA:142,4
DA:148,16
DA:152,4
DA:154,4
DA:156,4
DA:157,8
DA:160,4
DA:162,4
DA:164,4
DA:165,4
DA:166,4
DA:170,4
DA:171,0
DA:172,4
DA:173,4
DA:175,4
DA:177,4
DA:178,8
DA:179,4
DA:181,4
DA:182,12
DA:183,1
DA:184,1
DA:187,1
DA:190,4
DA:195,4
DA:197,8
DA:198,4
DA:204,0
DA:211,8
DA:215,0
DA:223,4
DA:225,4
DA:238,4
DA:240,4
DA:243,4
DA:245,1
DA:246,1
DA:255,4
DA:257,8
DA:258,12
DA:261,4
DA:265,12
DA:268,4
DA:269,4
DA:270,4
DA:272,4
DA:273,4
DA:275,1
LF:113
LH:99
end_of_record
SF:lib/presentation/page/now_playing_movies_page.dart
DA:7,1
DA:9,1
DA:10,1
DA:14,1
DA:16,1
DA:17,2
DA:18,4
DA:21,1
DA:23,1
DA:24,1
DA:27,1
DA:29,1
DA:30,1
DA:31,1
DA:35,1
DA:36,1
DA:37,1
DA:38,2
DA:39,1
DA:41,2
DA:43,1
DA:44,1
DA:46,2
LF:23
LH:23
end_of_record
SF:lib/presentation/page/popular_movies_page.dart
DA:7,1
DA:9,1
DA:10,1
DA:14,1
DA:16,1
DA:17,1
DA:18,5
DA:21,1
DA:23,1
DA:24,1
DA:27,1
DA:29,1
DA:30,1
DA:31,1
DA:35,1
DA:36,1
DA:37,1
DA:38,2
DA:39,1
DA:41,2
DA:43,1
DA:44,1
DA:46,2
LF:23
LH:23
end_of_record
SF:lib/presentation/page/top_rated_movies_page.dart
DA:7,1
DA:9,1
DA:10,1
DA:14,1
DA:16,1
DA:17,1
DA:18,5
DA:21,1
DA:23,1
DA:24,1
DA:27,1
DA:29,1
DA:30,1
DA:31,1
DA:35,1
DA:36,1
DA:37,1
DA:38,2
DA:39,1
DA:41,2
DA:43,1
DA:44,1
DA:46,2
LF:23
LH:23
end_of_record
SF:lib/presentation/page/watchlist_movies_page.dart
DA:7,1
DA:9,1
DA:10,1
DA:15,1
DA:17,1
DA:18,2
DA:19,4
DA:22,1
DA:24,1
DA:25,4
DA:28,0
DA:30,0
DA:33,1
DA:35,1
DA:36,1
DA:39,1
DA:41,1
DA:42,1
DA:43,1
DA:47,1
DA:48,1
DA:49,1
DA:50,2
DA:51,1
DA:53,2
DA:55,1
DA:56,1
DA:58,2
DA:69,1
DA:71,2
DA:72,1
LF:31
LH:29
end_of_record
