SF:lib/presentation/bloc/search_bloc.dart
DA:12,3
DA:13,1
DA:14,1
DA:15,1
DA:21,1
DA:22,3
DA:25,1
DA:29,2
DA:30,3
DA:31,1
DA:32,4
DA:33,2
DA:34,2
DA:35,2
LF:14
LH:14
end_of_record
SF:lib/presentation/bloc/search_state.dart
DA:4,4
DA:6,1
DA:7,1
DA:19,3
DA:21,1
DA:22,2
DA:28,3
DA:30,1
DA:31,2
LF:9
LH:9
end_of_record
SF:lib/presentation/bloc/search_event.dart
DA:4,1
DA:6,0
DA:7,0
DA:13,1
DA:15,0
DA:16,0
LF:6
LH:2
end_of_record
SF:lib/presentation/bloc/search_tv_state.dart
DA:4,4
DA:6,1
DA:7,1
DA:19,3
DA:21,1
DA:22,2
DA:28,3
DA:30,1
DA:31,2
LF:9
LH:9
end_of_record
SF:lib/presentation/bloc/search_tv_bloc.dart
DA:12,3
DA:13,1
DA:14,1
DA:15,1
DA:21,1
DA:22,3
DA:25,1
DA:29,2
DA:30,3
DA:31,1
DA:32,4
DA:33,2
DA:34,2
DA:35,2
LF:14
LH:14
end_of_record
SF:lib/presentation/bloc/search_tv_event.dart
DA:4,1
DA:6,0
DA:7,0
DA:13,1
DA:15,0
DA:16,0
LF:6
LH:2
end_of_record
SF:lib/domain/usecase/search_movies.dart
DA:8,1
DA:10,1
DA:11,2
LF:3
LH:3
end_of_record
SF:lib/domain/usecase/search_tv.dart
DA:8,1
DA:10,1
DA:11,2
LF:3
LH:3
end_of_record
SF:lib/presentation/pages/search_page.dart
DA:8,1
DA:10,1
DA:12,1
DA:13,1
DA:16,1
DA:18,1
DA:20,1
DA:21,1
DA:22,0
DA:23,0
DA:24,0
DA:35,1
DA:37,1
DA:39,1
DA:40,1
DA:41,1
DA:45,1
DA:49,1
DA:50,1
DA:51,1
DA:52,1
DA:54,1
DA:55,2
DA:56,1
DA:58,1
DA:61,1
DA:62,1
DA:63,1
DA:64,2
DA:68,0
DA:69,0
LF:31
LH:26
end_of_record
SF:lib/presentation/pages/search_tv_page.dart
DA:9,1
DA:11,1
DA:13,1
DA:14,1
DA:17,1
DA:19,1
DA:21,1
DA:22,1
DA:23,0
DA:24,0
DA:34,1
DA:36,1
DA:38,1
DA:39,1
DA:40,1
DA:44,1
DA:48,1
DA:49,1
DA:50,1
DA:51,1
DA:53,1
DA:54,2
DA:55,1
DA:57,1
DA:60,1
DA:61,1
DA:62,1
DA:63,2
DA:67,0
DA:68,0
LF:30
LH:26
end_of_record
