SF:lib/domain/usecase/get_on_the_air_tv.dart
DA:8,1
DA:10,1
DA:11,2
LF:3
LH:3
end_of_record
SF:lib/domain/usecase/get_popular_tv.dart
DA:8,1
DA:10,1
DA:11,2
LF:3
LH:3
end_of_record
SF:lib/domain/usecase/get_top_rated_tv.dart
DA:8,1
DA:10,1
DA:11,2
LF:3
LH:3
end_of_record
SF:lib/domain/usecase/get_tv_detail.dart
DA:8,1
DA:10,1
DA:11,2
LF:3
LH:3
end_of_record
SF:lib/domain/usecase/get_tv_recommendations.dart
DA:8,1
DA:10,1
DA:11,2
LF:3
LH:3
end_of_record
SF:lib/domain/usecase/get_tv_season_detail.dart
DA:8,1
DA:10,1
DA:11,2
LF:3
LH:3
end_of_record
SF:lib/domain/usecase/get_watchlist_status_tv.dart
DA:6,1
DA:8,1
DA:9,2
LF:3
LH:3
end_of_record
SF:lib/domain/usecase/get_watchlist_tv.dart
DA:8,1
DA:10,1
DA:11,2
LF:3
LH:3
end_of_record
SF:lib/domain/usecase/remove_watchlist_tv.dart
DA:8,1
DA:10,1
DA:11,2
LF:3
LH:3
end_of_record
SF:lib/domain/usecase/save_watchlist_tv.dart
DA:8,1
DA:10,1
DA:11,2
LF:3
LH:3
end_of_record
SF:lib/presentation/bloc/now_playing_tv_state.dart
DA:4,2
DA:6,1
DA:7,1
DA:17,2
DA:19,1
DA:20,2
DA:26,1
DA:28,1
DA:29,2
LF:9
LH:9
end_of_record
SF:lib/presentation/bloc/now_playing_tv_bloc.dart
DA:11,3
DA:12,2
DA:15,1
DA:19,2
DA:20,2
DA:21,1
DA:22,4
DA:23,1
DA:24,1
DA:25,2
DA:27,2
LF:11
LH:11
end_of_record
SF:lib/presentation/bloc/popular_tv_state.dart
DA:4,4
DA:6,1
DA:7,1
DA:17,3
DA:19,1
DA:20,2
DA:26,3
DA:28,1
DA:29,2
LF:9
LH:9
end_of_record
SF:lib/presentation/bloc/popular_tv_bloc.dart
DA:11,3
DA:12,2
DA:15,1
DA:19,2
DA:20,2
DA:21,1
DA:22,4
DA:23,1
DA:24,1
DA:25,2
DA:27,2
LF:11
LH:11
end_of_record
SF:lib/presentation/bloc/top_rated_tv_bloc.dart
DA:11,3
DA:12,2
DA:15,1
DA:19,2
DA:20,2
DA:21,1
DA:22,4
DA:23,1
DA:24,1
DA:25,2
DA:27,2
LF:11
LH:11
end_of_record
SF:lib/presentation/bloc/top_rated_tv_state.dart
DA:4,4
DA:6,1
DA:7,1
DA:17,3
DA:19,1
DA:20,2
DA:26,3
DA:28,1
DA:29,2
LF:9
LH:9
end_of_record
SF:lib/presentation/bloc/tv_detail_state.dart
DA:6,5
DA:8,1
DA:9,1
DA:17,3
DA:19,1
DA:20,2
DA:29,4
DA:36,1
DA:40,1
DA:41,1
DA:42,1
DA:43,0
DA:44,0
DA:48,1
DA:49,1
DA:50,1
DA:51,1
DA:52,1
DA:53,1
LF:19
LH:17
end_of_record
SF:lib/presentation/bloc/tv_detail_event.dart
DA:4,4
DA:6,0
DA:7,0
DA:13,3
DA:15,0
DA:16,0
DA:22,1
DA:24,0
DA:25,0
DA:31,1
DA:33,0
DA:34,0
DA:40,0
DA:42,0
DA:43,0
LF:15
LH:4
end_of_record
SF:lib/presentation/bloc/tv_detail_bloc.dart
DA:16,1
DA:22,2
DA:23,2
DA:24,2
DA:25,2
DA:28,1
DA:32,1
DA:33,3
DA:34,4
DA:35,1
DA:36,0
DA:37,0
DA:39,3
DA:46,1
DA:50,1
DA:51,3
DA:52,4
DA:53,1
DA:54,0
DA:55,0
DA:57,3
DA:64,1
DA:68,2
DA:69,3
DA:70,2
DA:71,1
DA:73,3
DA:75,1
DA:76,4
DA:77,1
DA:78,1
DA:79,0
DA:80,2
DA:81,1
LF:34
LH:29
end_of_record
SF:lib/presentation/bloc/tv_season_detail_state.dart
DA:4,3
DA:6,0
DA:7,0
DA:17,1
DA:19,0
DA:20,0
DA:26,2
DA:28,0
DA:29,0
LF:9
LH:3
end_of_record
SF:lib/presentation/bloc/tv_season_detail_event.dart
DA:4,2
DA:6,0
DA:7,0
DA:14,2
DA:16,0
DA:17,0
LF:6
LH:2
end_of_record
SF:lib/presentation/bloc/tv_season_detail_bloc.dart
DA:12,0
DA:13,0
DA:16,0
DA:20,0
DA:21,0
DA:22,0
DA:23,0
DA:24,0
LF:8
LH:0
end_of_record
SF:lib/presentation/bloc/watch_list_tv_state.dart
DA:4,2
DA:6,1
DA:7,1
DA:17,2
DA:19,1
DA:20,2
DA:26,1
DA:28,1
DA:29,2
LF:9
LH:9
end_of_record
SF:lib/presentation/bloc/watch_list_tv_event.dart
DA:4,1
DA:6,0
DA:7,0
LF:3
LH:1
end_of_record
SF:lib/presentation/bloc/watch_list_tv_bloc.dart
DA:11,3
DA:12,2
DA:15,1
DA:19,2
DA:20,2
DA:21,1
DA:22,4
DA:23,1
DA:24,1
DA:25,2
DA:27,2
LF:11
LH:11
end_of_record
SF:lib/presentation/page/now_playing_tv_page.dart
DA:7,0
DA:9,0
DA:10,0
DA:14,0
DA:16,0
DA:17,0
DA:18,0
DA:21,0
DA:23,0
DA:24,0
DA:27,0
DA:29,0
DA:30,0
DA:31,0
DA:35,0
DA:36,0
DA:37,0
DA:38,0
DA:39,0
DA:41,0
DA:43,0
DA:44,0
DA:46,0
LF:23
LH:0
end_of_record
SF:lib/presentation/page/popular_tv_page.dart
DA:7,1
DA:9,1
DA:10,1
DA:14,1
DA:16,1
DA:17,1
DA:18,5
DA:21,1
DA:23,1
DA:24,1
DA:27,1
DA:29,1
DA:30,1
DA:31,1
DA:35,1
DA:36,1
DA:37,1
DA:38,2
DA:39,1
DA:41,2
DA:43,1
DA:44,1
DA:46,2
LF:23
LH:23
end_of_record
SF:lib/presentation/page/top_rated_tv_page.dart
DA:7,1
DA:9,1
DA:10,1
DA:14,1
DA:16,1
DA:17,1
DA:18,5
DA:21,1
DA:23,1
DA:24,1
DA:27,1
DA:29,1
DA:30,1
DA:31,1
DA:35,1
DA:36,1
DA:37,1
DA:38,2
DA:39,1
DA:41,2
DA:43,1
DA:44,1
DA:46,2
LF:23
LH:23
end_of_record
SF:lib/presentation/page/tv_detail_page.dart
DA:12,3
DA:14,2
DA:15,2
DA:19,2
DA:21,2
DA:22,2
DA:23,14
DA:24,8
DA:25,0
DA:26,0
DA:28,0
DA:29,0
DA:36,2
DA:38,2
DA:39,2
DA:40,2
DA:41,2
DA:45,2
DA:46,2
DA:47,2
DA:48,2
DA:50,2
DA:51,2
DA:54,1
DA:55,2
DA:70,2
DA:73,2
DA:75,6
DA:76,2
DA:77,2
DA:78,2
DA:79,6
DA:81,2
DA:84,0
DA:86,2
DA:88,2
DA:89,2
DA:90,2
DA:100,2
DA:101,2
DA:102,2
DA:104,2
DA:106,2
DA:108,2
DA:109,2
DA:110,4
DA:111,2
DA:113,2
DA:114,0
DA:115,0
DA:117,0
DA:118,0
DA:121,0
DA:122,0
DA:125,2
DA:127,2
DA:128,2
DA:135,2
DA:136,6
DA:138,2
DA:139,2
DA:140,6
DA:142,6
DA:145,2
DA:146,2
DA:147,2
DA:148,6
DA:150,2
DA:156,8
DA:160,2
DA:162,2
DA:164,2
DA:165,4
DA:168,2
DA:170,2
DA:172,2
DA:174,2
DA:176,6
DA:177,2
DA:178,6
DA:179,2
DA:181,2
DA:182,6
DA:183,1
DA:184,1
DA:187,1
DA:188,2
DA:189,1
DA:193,2
DA:196,2
DA:197,2
DA:202,2
DA:204,4
DA:206,2
DA:212,0
DA:216,2
DA:217,4
DA:218,2
DA:219,4
DA:228,2
DA:230,2
DA:232,2
DA:233,2
DA:234,2
DA:238,2
DA:239,0
DA:240,2
DA:241,2
DA:243,2
DA:245,2
DA:246,4
DA:247,2
DA:249,2
DA:250,6
DA:251,1
DA:252,1
DA:255,1
DA:258,2
DA:263,2
DA:265,4
DA:266,2
DA:272,0
DA:279,4
DA:283,0
DA:291,2
DA:293,2
DA:308,2
DA:310,2
DA:313,2
DA:315,1
DA:316,1
DA:325,2
DA:327,4
DA:328,6
DA:331,2
DA:335,6
DA:338,2
DA:339,2
DA:340,2
DA:342,2
DA:343,1
DA:345,2
LF:142
LH:127
end_of_record
SF:lib/presentation/page/tv_season_detail_page.dart
DA:12,2
DA:17,3
DA:19,2
DA:20,2
DA:24,2
DA:26,2
DA:27,2
DA:28,10
DA:29,12
DA:33,2
DA:35,2
DA:36,2
DA:39,2
DA:40,2
DA:41,2
DA:45,2
DA:46,4
DA:47,1
DA:48,2
DA:59,4
DA:61,2
DA:63,2
DA:65,2
DA:67,2
DA:68,2
DA:69,6
DA:71,2
DA:74,0
DA:76,2
DA:77,4
DA:78,2
DA:83,2
DA:85,2
DA:87,2
DA:88,2
DA:89,6
DA:90,2
DA:91,6
DA:92,2
DA:93,2
DA:94,4
DA:95,2
DA:97,2
DA:98,2
DA:99,2
LF:45
LH:44
end_of_record
SF:lib/presentation/page/tv_series_page.dart
DA:8,0
DA:10,0
DA:11,0
DA:15,0
DA:17,0
DA:18,0
DA:19,0
DA:20,0
DA:21,0
DA:25,0
DA:27,0
DA:28,0
DA:30,0
DA:31,0
DA:32,0
DA:33,0
DA:39,0
DA:41,0
DA:42,0
DA:44,0
DA:45,0
DA:47,0
DA:49,0
DA:50,0
DA:51,0
DA:55,0
DA:56,0
DA:61,0
DA:63,0
DA:65,0
DA:66,0
DA:67,0
DA:71,0
DA:72,0
DA:77,0
DA:79,0
DA:81,0
DA:82,0
DA:83,0
DA:87,0
DA:88,0
DA:100,0
DA:101,0
DA:103,0
DA:104,0
DA:106,0
DA:108,0
DA:110,0
DA:112,0
DA:125,0
DA:127,0
DA:129,0
DA:131,0
DA:133,0
DA:134,0
DA:135,0
DA:137,0
DA:138,0
DA:139,0
DA:142,0
DA:145,0
DA:147,0
DA:148,0
DA:149,0
DA:152,0
DA:158,0
LF:66
LH:0
end_of_record
SF:lib/presentation/page/watchlist_tv_page.dart
DA:8,0
DA:10,0
DA:11,0
DA:15,0
DA:17,0
DA:18,0
DA:19,0
DA:22,0
DA:24,0
DA:25,0
DA:28,0
DA:30,0
DA:33,0
DA:35,0
DA:36,0
DA:39,0
DA:41,0
DA:42,0
DA:43,0
DA:47,0
DA:48,0
DA:49,0
DA:50,0
DA:51,0
DA:53,0
DA:55,0
DA:56,0
DA:58,0
DA:69,0
DA:71,0
DA:72,0
LF:31
LH:0
end_of_record
