SF:lib/common/exception.dart
DA:6,4
DA:12,2
LF:2
LH:2
end_of_record
SF:lib/data/datasources/tv_remote_data_source.dart
DA:26,1
DA:28,1
DA:31,4
DA:33,2
DA:34,4
DA:36,1
DA:40,1
DA:43,4
DA:45,2
DA:46,4
DA:48,1
DA:52,1
DA:55,4
DA:57,2
DA:58,3
DA:60,1
DA:64,1
DA:67,4
DA:69,2
DA:70,4
DA:72,1
DA:76,1
DA:79,4
DA:81,2
DA:82,4
DA:84,1
DA:88,1
DA:91,4
DA:93,2
DA:94,4
DA:96,1
DA:100,1
DA:103,4
DA:105,2
DA:106,3
DA:108,1
LF:36
LH:36
end_of_record
SF:lib/data/models/tv_detail_model.dart
DA:35,3
DA:64,2
DA:65,1
DA:66,1
DA:67,2
DA:68,1
DA:69,1
DA:70,4
DA:71,1
DA:72,1
DA:73,1
DA:74,1
DA:75,2
DA:76,1
DA:77,1
DA:78,1
DA:79,2
DA:80,1
DA:81,1
DA:82,1
DA:83,1
DA:84,1
DA:85,5
DA:86,1
DA:87,1
DA:88,1
DA:89,1
DA:90,1
DA:93,1
DA:94,1
DA:95,2
DA:96,2
DA:97,2
DA:98,2
DA:99,6
DA:100,2
DA:101,2
DA:102,2
DA:103,2
DA:104,3
DA:105,2
DA:106,2
DA:107,2
DA:108,2
DA:109,2
DA:110,2
DA:111,2
DA:112,2
DA:113,2
DA:114,6
DA:115,2
DA:116,2
DA:117,2
DA:118,2
DA:119,2
DA:123,1
DA:124,1
DA:125,1
DA:126,1
DA:127,1
DA:128,1
DA:129,5
DA:130,1
DA:131,1
DA:132,1
DA:133,1
DA:134,2
DA:135,1
DA:136,1
DA:137,1
DA:138,1
DA:139,1
DA:140,1
DA:141,1
DA:142,1
DA:143,1
DA:144,5
DA:145,1
DA:146,1
DA:147,1
DA:148,1
DA:149,1
DA:153,1
DA:154,1
DA:155,1
DA:156,1
DA:157,1
DA:158,1
DA:159,1
DA:160,1
DA:161,1
DA:162,1
DA:163,1
DA:164,1
DA:165,1
DA:166,1
DA:167,1
DA:168,1
DA:169,1
DA:170,1
DA:171,1
DA:172,1
DA:173,1
DA:174,1
DA:175,1
DA:176,1
DA:177,1
DA:178,1
LF:108
LH:108
end_of_record
SF:lib/data/models/tv_response.dart
DA:7,2
DA:9,2
DA:10,2
DA:11,3
DA:12,3
DA:15,2
DA:16,5
DA:19,1
DA:20,2
LF:9
LH:9
end_of_record
SF:lib/data/models/tv_seasons_detail_model.dart
DA:7,3
DA:17,1
DA:18,1
DA:19,1
DA:20,1
DA:21,5
DA:22,1
DA:23,1
DA:24,1
DA:25,1
DA:36,1
DA:37,1
DA:38,2
DA:39,4
DA:40,2
DA:41,2
DA:42,2
DA:43,2
DA:44,2
DA:48,1
DA:49,2
DA:50,1
DA:51,5
DA:52,1
DA:53,1
DA:54,1
DA:55,1
DA:59,1
DA:60,1
DA:61,1
DA:62,1
DA:63,1
DA:64,1
DA:65,1
DA:66,1
DA:67,1
LF:36
LH:36
end_of_record
SF:lib/data/models/episodes_model.dart
DA:5,3
DA:20,1
DA:21,1
DA:22,1
DA:23,1
DA:24,1
DA:25,1
DA:26,1
DA:27,1
DA:28,2
DA:29,1
DA:30,1
DA:31,1
DA:32,1
DA:33,1
DA:49,1
DA:50,1
DA:51,2
DA:52,2
DA:53,2
DA:54,2
DA:55,2
DA:56,2
DA:57,2
DA:58,2
DA:59,2
DA:60,2
DA:61,2
DA:62,2
DA:66,1
DA:67,1
DA:68,1
DA:69,1
DA:70,1
DA:71,1
DA:72,1
DA:73,1
DA:74,1
DA:75,1
DA:76,1
DA:77,1
DA:78,1
DA:79,1
DA:83,1
DA:84,1
DA:85,1
DA:86,1
DA:87,1
DA:88,1
DA:89,1
DA:90,1
DA:91,1
DA:92,1
DA:93,1
DA:94,1
DA:95,1
DA:96,1
LF:57
LH:57
end_of_record
SF:lib/data/models/genre_model.dart
DA:5,7
DA:13,4
DA:14,2
DA:15,2
DA:18,6
DA:19,3
DA:20,3
DA:23,3
DA:24,9
DA:27,2
DA:28,6
LF:11
LH:11
end_of_record
SF:lib/data/models/last_episode_to_air_model.dart
DA:17,4
DA:31,1
DA:32,1
DA:33,1
DA:34,1
DA:35,1
DA:36,1
DA:37,1
DA:38,1
DA:39,1
DA:40,1
DA:41,1
DA:42,1
DA:43,1
DA:46,2
DA:47,2
DA:48,4
DA:49,4
DA:50,4
DA:51,4
DA:52,4
DA:53,4
DA:54,4
DA:55,4
DA:56,4
DA:57,4
DA:58,4
DA:62,1
DA:63,1
DA:64,1
DA:65,1
DA:66,1
DA:67,1
DA:68,1
DA:69,1
DA:70,1
DA:71,1
DA:72,1
DA:73,1
DA:74,1
DA:78,1
DA:79,1
DA:80,1
DA:81,1
DA:82,1
DA:83,1
DA:84,1
DA:85,1
DA:86,1
DA:87,1
DA:88,1
DA:89,1
DA:90,1
LF:53
LH:53
end_of_record
SF:lib/data/models/movie_table.dart
DA:13,3
DA:20,2
DA:21,1
DA:22,1
DA:23,1
DA:24,1
DA:27,4
DA:28,2
DA:29,2
DA:30,2
DA:31,2
DA:34,2
DA:35,1
DA:36,1
DA:37,1
DA:38,1
DA:41,2
DA:42,1
DA:43,1
DA:44,1
DA:45,1
DA:48,2
DA:49,1
DA:50,1
DA:51,1
DA:52,1
DA:55,2
DA:56,10
LF:28
LH:28
end_of_record
SF:lib/data/models/seasons_model.dart
DA:13,4
DA:23,1
DA:24,1
DA:25,1
DA:26,1
DA:27,1
DA:28,1
DA:29,1
DA:30,1
DA:31,1
DA:34,2
DA:35,2
DA:36,4
DA:37,4
DA:38,4
DA:39,4
DA:40,4
DA:41,4
DA:42,4
DA:46,1
DA:47,1
DA:48,1
DA:49,1
DA:50,1
DA:51,1
DA:52,1
DA:53,1
DA:54,1
DA:58,1
DA:59,1
DA:60,1
DA:61,1
DA:62,1
DA:63,1
DA:64,1
DA:65,1
DA:66,1
LF:37
LH:37
end_of_record
SF:lib/data/models/tv_table.dart
DA:14,3
DA:21,2
DA:22,1
DA:23,1
DA:24,1
DA:25,1
DA:28,4
DA:29,2
DA:30,2
DA:31,2
DA:32,2
DA:35,2
DA:36,1
DA:37,1
DA:38,1
DA:39,1
DA:42,2
DA:43,1
DA:44,1
DA:45,1
DA:46,1
DA:49,2
DA:50,1
DA:51,1
DA:52,1
DA:53,1
DA:56,2
DA:57,10
LF:28
LH:28
end_of_record
SF:lib/domain/entities/episodes.dart
DA:4,5
DA:32,1
DA:33,1
DA:34,1
DA:35,1
DA:36,1
DA:37,1
DA:38,1
DA:39,1
DA:40,1
DA:41,1
DA:42,1
DA:43,1
DA:44,1
DA:45,1
LF:15
LH:15
end_of_record
SF:lib/domain/entities/genre.dart
DA:4,15
DA:12,3
DA:13,9
LF:3
LH:3
end_of_record
SF:lib/domain/entities/last_episode_to_air.dart
DA:16,7
DA:30,1
DA:31,1
DA:32,1
DA:33,1
DA:34,1
DA:35,1
DA:36,1
DA:37,1
DA:38,1
DA:39,1
DA:40,1
DA:41,1
DA:42,1
LF:14
LH:14
end_of_record
SF:lib/domain/entities/movie.dart
DA:4,11
DA:20,2
DA:41,2
DA:42,2
DA:43,2
DA:44,2
DA:45,2
DA:46,2
DA:47,2
DA:48,2
DA:49,2
DA:50,2
DA:51,2
DA:52,2
DA:53,2
DA:54,2
DA:55,2
LF:17
LH:17
end_of_record
SF:lib/domain/entities/movie_detail.dart
DA:5,8
DA:33,1
DA:34,1
DA:35,1
DA:36,1
DA:37,1
DA:38,1
DA:39,1
DA:40,1
DA:41,1
DA:42,1
DA:43,1
DA:44,1
DA:45,1
LF:14
LH:14
end_of_record
SF:lib/domain/entities/seasons.dart
DA:12,7
DA:22,1
DA:23,1
DA:24,1
DA:25,1
DA:26,1
DA:27,1
DA:28,1
DA:29,1
DA:30,1
LF:10
LH:10
end_of_record
SF:lib/domain/entities/tv.dart
DA:19,10
DA:36,1
DA:43,2
DA:44,2
DA:45,2
DA:46,2
DA:47,2
DA:48,2
DA:49,2
DA:50,2
DA:51,2
DA:52,2
DA:53,2
DA:54,2
DA:55,2
DA:56,2
DA:57,2
LF:17
LH:17
end_of_record
SF:lib/domain/entities/tv_detail.dart
DA:34,7
DA:62,1
DA:63,1
DA:64,1
DA:65,1
DA:66,1
DA:67,1
DA:68,1
DA:69,1
DA:70,1
DA:71,1
DA:72,1
DA:73,1
DA:74,1
DA:75,1
DA:76,1
DA:77,1
DA:78,1
DA:79,1
DA:80,1
DA:81,1
DA:82,1
DA:83,1
DA:84,1
DA:85,1
DA:86,1
DA:87,1
DA:88,1
LF:28
LH:28
end_of_record
SF:lib/domain/entities/tv_seasons_detail.dart
DA:6,5
DA:25,1
DA:26,1
DA:27,1
DA:28,1
DA:29,1
DA:30,1
DA:31,1
DA:32,1
DA:33,1
LF:10
LH:10
end_of_record
SF:lib/common/failure.dart
DA:6,14
DA:8,2
DA:9,4
DA:13,26
DA:17,4
DA:21,10
DA:25,4
LF:7
LH:7
end_of_record
SF:lib/common/network_info.dart
DA:10,1
DA:12,1
DA:13,2
LF:3
LH:3
end_of_record
SF:lib/data/datasources/db/database_helper.dart
DA:10,0
DA:14,0
DA:18,0
DA:20,0
DA:31,0
DA:32,0
DA:33,0
DA:35,0
DA:39,0
DA:40,0
DA:47,0
DA:48,0
DA:56,0
DA:57,0
DA:64,0
DA:65,0
DA:73,0
DA:76,0
DA:77,0
DA:78,0
DA:79,0
DA:80,0
DA:81,0
DA:82,0
DA:87,0
DA:88,0
DA:89,0
DA:92,0
DA:97,0
DA:98,0
DA:99,0
DA:102,0
DA:106,0
DA:107,0
DA:108,0
DA:111,0
DA:112,0
DA:113,0
DA:116,0
DA:120,0
DA:121,0
DA:122,0
DA:125,0
DA:128,0
DA:129,0
DA:135,0
DA:136,0
DA:137,0
DA:143,0
DA:144,0
DA:145,0
DA:146,0
DA:147,0
DA:148,0
DA:149,0
DA:154,0
DA:155,0
DA:156,0
DA:159,0
DA:164,0
DA:165,0
DA:166,0
DA:169,0
DA:173,0
DA:174,0
DA:175,0
DA:178,0
DA:179,0
DA:180,0
DA:183,0
DA:187,0
DA:188,0
DA:189,0
DA:192,0
DA:195,0
DA:196,0
DA:202,0
DA:203,0
DA:204,0
LF:79
LH:0
end_of_record
SF:lib/data/datasources/movie_local_data_source.dart
DA:17,2
DA:19,1
DA:22,2
DA:25,2
DA:29,1
DA:32,2
DA:35,2
DA:39,1
DA:41,2
DA:43,1
DA:49,1
DA:51,2
DA:52,4
DA:55,1
DA:57,2
DA:58,2
DA:61,1
DA:63,2
DA:64,2
DA:65,4
DA:67,1
LF:21
LH:21
end_of_record
SF:lib/data/datasources/movie_remote_data_source.dart
DA:24,1
DA:26,1
DA:29,4
DA:31,2
DA:32,4
DA:34,1
DA:38,1
DA:41,4
DA:43,2
DA:44,3
DA:46,1
DA:50,1
DA:52,1
DA:53,3
DA:55,2
DA:56,4
DA:58,1
DA:62,1
DA:65,4
DA:67,2
DA:68,4
DA:70,1
DA:74,1
DA:77,4
DA:79,2
DA:80,4
DA:82,1
DA:86,1
DA:88,1
DA:89,3
DA:91,2
DA:92,4
DA:94,1
LF:33
LH:33
end_of_record
SF:lib/data/datasources/tv_local_data_source.dart
DA:19,2
DA:21,1
DA:24,2
DA:27,2
DA:31,1
DA:34,2
DA:37,2
DA:41,1
DA:43,2
DA:45,1
DA:51,1
DA:53,2
DA:54,4
DA:57,1
DA:59,2
DA:60,2
DA:63,1
DA:65,2
DA:66,2
DA:67,4
DA:69,1
LF:21
LH:21
end_of_record
SF:lib/data/models/movie_detail_model.dart
DA:6,3
DA:52,1
DA:53,1
DA:54,1
DA:55,1
DA:56,1
DA:57,1
DA:58,4
DA:59,1
DA:60,1
DA:61,1
DA:62,1
DA:63,1
DA:64,1
DA:65,2
DA:66,1
DA:67,1
DA:68,1
DA:69,1
DA:70,1
DA:71,1
DA:72,1
DA:73,1
DA:74,2
DA:75,1
DA:78,2
DA:79,1
DA:80,1
DA:81,1
DA:82,5
DA:83,1
DA:84,1
DA:85,1
DA:86,1
DA:87,1
DA:88,1
DA:89,1
DA:90,1
DA:91,1
DA:92,1
DA:93,1
DA:94,1
DA:95,1
DA:96,1
DA:97,1
DA:98,1
DA:99,1
DA:102,1
DA:103,1
DA:104,1
DA:105,1
DA:106,5
DA:107,1
DA:108,1
DA:109,1
DA:110,1
DA:111,1
DA:112,1
DA:113,1
DA:114,1
DA:115,1
DA:119,1
DA:121,1
DA:122,1
DA:123,1
DA:124,1
DA:125,1
DA:126,1
DA:127,1
DA:128,1
DA:129,1
DA:130,1
DA:131,1
DA:132,1
DA:133,1
DA:134,1
DA:135,1
DA:136,1
DA:137,1
DA:138,1
DA:139,1
DA:140,1
DA:141,1
DA:142,1
LF:84
LH:84
end_of_record
SF:lib/data/models/movie_model.dart
DA:5,4
DA:35,4
DA:36,2
DA:37,2
DA:38,8
DA:39,2
DA:40,2
DA:41,2
DA:42,4
DA:43,2
DA:44,2
DA:45,2
DA:46,2
DA:47,4
DA:48,2
DA:51,2
DA:52,1
DA:53,1
DA:54,4
DA:55,1
DA:56,1
DA:57,1
DA:58,1
DA:59,1
DA:60,1
DA:61,1
DA:62,1
DA:63,1
DA:64,1
DA:67,2
DA:68,2
DA:69,2
DA:70,2
DA:71,2
DA:72,2
DA:73,2
DA:74,2
DA:75,2
DA:76,2
DA:77,2
DA:78,2
DA:79,2
DA:80,2
DA:81,2
DA:85,2
DA:86,2
DA:87,2
DA:88,2
DA:89,2
DA:90,2
DA:91,2
DA:92,2
DA:93,2
DA:94,2
DA:95,2
DA:96,2
DA:97,2
DA:98,2
DA:99,2
LF:59
LH:59
end_of_record
SF:lib/data/models/tv_model.dart
DA:19,4
DA:35,1
DA:36,1
DA:37,1
DA:38,1
DA:39,2
DA:40,1
DA:41,1
DA:42,2
DA:43,1
DA:44,1
DA:45,1
DA:46,1
DA:47,1
DA:48,1
DA:49,1
DA:52,2
DA:53,2
DA:54,2
DA:55,2
DA:56,8
DA:57,2
DA:58,2
DA:59,2
DA:60,2
DA:61,2
DA:62,2
DA:63,2
DA:64,2
DA:65,2
DA:66,2
DA:69,2
DA:70,2
DA:71,2
DA:72,2
DA:73,2
DA:74,2
DA:75,2
DA:76,2
DA:77,2
DA:78,2
DA:79,2
DA:80,2
DA:81,2
DA:82,2
DA:83,2
DA:87,1
DA:88,1
DA:89,1
DA:90,1
DA:91,1
DA:92,1
DA:93,1
DA:94,1
DA:95,1
DA:96,1
DA:97,1
DA:98,1
DA:99,1
DA:100,1
DA:101,1
LF:61
LH:61
end_of_record
SF:lib/data/models/movie_response.dart
DA:7,2
DA:9,4
DA:10,4
DA:11,6
DA:12,6
DA:15,2
DA:16,5
DA:19,1
DA:20,2
LF:9
LH:9
end_of_record
SF:lib/data/repositories/tv_repository_impl.dart
DA:20,1
DA:26,1
DA:28,2
DA:30,2
DA:31,4
DA:32,2
DA:33,5
DA:34,1
DA:35,2
DA:36,1
DA:37,3
DA:41,2
DA:42,5
DA:43,1
DA:44,3
DA:49,1
DA:52,2
DA:53,5
DA:54,1
DA:55,2
DA:56,1
DA:57,2
DA:61,1
DA:64,2
DA:65,2
DA:66,1
DA:67,2
DA:68,1
DA:69,2
DA:73,1
DA:76,2
DA:77,3
DA:78,1
DA:79,2
DA:80,1
DA:81,2
DA:85,1
DA:88,2
DA:89,5
DA:90,1
DA:91,2
DA:92,1
DA:93,2
DA:97,1
DA:99,2
DA:100,5
DA:103,1
DA:105,2
DA:109,1
DA:113,3
DA:114,1
DA:115,1
DA:116,3
DA:120,1
DA:124,3
DA:125,1
DA:126,1
DA:127,3
DA:133,1
DA:136,2
DA:137,5
DA:138,1
DA:139,2
DA:140,1
DA:141,2
DA:145,1
DA:148,2
DA:149,2
DA:150,1
DA:151,2
DA:152,1
DA:153,2
LF:72
LH:72
end_of_record
SF:lib/data/repositories/movie_repository_impl.dart
DA:19,1
DA:25,1
DA:27,2
DA:29,2
DA:30,4
DA:31,2
DA:32,5
DA:33,1
DA:34,2
DA:35,1
DA:36,3
DA:40,2
DA:41,5
DA:42,1
DA:43,3
DA:48,1
DA:51,2
DA:52,2
DA:53,1
DA:54,2
DA:55,1
DA:56,2
DA:60,1
DA:63,2
DA:64,3
DA:65,1
DA:66,2
DA:67,1
DA:68,2
DA:72,1
DA:75,2
DA:76,5
DA:77,1
DA:78,2
DA:79,1
DA:80,2
DA:84,1
DA:87,2
DA:88,5
DA:89,1
DA:90,2
DA:91,1
DA:92,2
DA:96,1
DA:99,2
DA:100,5
DA:101,1
DA:102,2
DA:103,1
DA:104,2
DA:108,1
DA:112,3
DA:113,1
DA:114,1
DA:115,3
DA:121,1
DA:125,3
DA:126,1
DA:127,1
DA:128,3
DA:132,1
DA:134,2
DA:138,1
DA:140,2
DA:141,5
LF:65
LH:65
end_of_record
SF:lib/domain/usecases/get_top_rated_movies.dart
DA:9,1
DA:11,1
DA:12,2
LF:3
LH:3
end_of_record
SF:lib/domain/usecases/get_tv_detail.dart
DA:9,1
DA:11,1
DA:12,2
LF:3
LH:3
end_of_record
SF:lib/domain/usecases/get_tv_season_detail.dart
DA:9,1
DA:11,1
DA:12,2
LF:3
LH:3
end_of_record
SF:lib/domain/usecases/save_watchlist.dart
DA:9,1
DA:11,1
DA:12,2
LF:3
LH:3
end_of_record
SF:lib/domain/usecases/search_tv.dart
DA:9,1
DA:11,1
DA:12,2
LF:3
LH:3
end_of_record
SF:lib/domain/usecases/get_movie_detail.dart
DA:9,1
DA:11,1
DA:12,2
LF:3
LH:3
end_of_record
SF:lib/domain/usecases/get_watchlist_status_tv.dart
DA:6,1
DA:8,1
DA:9,2
LF:3
LH:3
end_of_record
SF:lib/domain/usecases/get_popular_movies.dart
DA:9,1
DA:11,1
DA:12,2
LF:3
LH:3
end_of_record
SF:lib/domain/usecases/get_popular_tv.dart
DA:9,1
DA:11,1
DA:12,2
LF:3
LH:3
end_of_record
SF:lib/domain/usecases/get_movie_recommendations.dart
DA:9,1
DA:11,1
DA:12,2
LF:3
LH:3
end_of_record
SF:lib/domain/usecases/get_watchlist_movies.dart
DA:9,1
DA:11,1
DA:12,2
LF:3
LH:3
end_of_record
SF:lib/domain/usecases/get_now_playing_movies.dart
DA:9,1
DA:11,1
DA:12,2
LF:3
LH:3
end_of_record
SF:lib/domain/usecases/get_tv_recommendations.dart
DA:9,1
DA:11,1
DA:12,2
LF:3
LH:3
end_of_record
SF:lib/domain/usecases/remove_watchlist.dart
DA:9,1
DA:11,1
DA:12,2
LF:3
LH:3
end_of_record
SF:lib/domain/usecases/get_top_rated_tv.dart
DA:9,1
DA:11,1
DA:12,2
LF:3
LH:3
end_of_record
SF:lib/domain/usecases/remove_watchlist_tv.dart
DA:9,1
DA:11,1
DA:12,2
LF:3
LH:3
end_of_record
SF:lib/domain/usecases/save_watchlist_tv.dart
DA:9,1
DA:11,1
DA:12,2
LF:3
LH:3
end_of_record
SF:lib/domain/usecases/get_on_the_air_tv.dart
DA:9,1
DA:11,1
DA:12,2
LF:3
LH:3
end_of_record
SF:lib/domain/usecases/search_movies.dart
DA:9,1
DA:11,1
DA:12,2
LF:3
LH:3
end_of_record
SF:lib/domain/usecases/get_watchlist_status.dart
DA:6,1
DA:8,1
DA:9,2
LF:3
LH:3
end_of_record
SF:lib/presentation/provider/watchlist_movie_notifier.dart
DA:8,2
DA:11,2
DA:14,2
DA:16,1
DA:20,1
DA:21,1
DA:22,1
DA:24,2
DA:25,1
DA:26,1
DA:27,1
DA:28,2
DA:29,1
DA:31,1
DA:32,1
DA:33,1
DA:34,1
LF:17
LH:17
end_of_record
SF:lib/presentation/provider/movie_detail_notifier.dart
DA:22,1
DA:31,2
DA:34,2
DA:37,2
DA:40,2
DA:43,2
DA:46,2
DA:48,1
DA:49,1
DA:50,1
DA:51,2
DA:52,2
DA:53,1
DA:54,1
DA:55,1
DA:56,2
DA:57,1
DA:59,1
DA:60,1
DA:61,1
DA:62,1
DA:63,1
DA:64,1
DA:65,1
DA:66,2
DA:68,1
DA:69,1
DA:70,1
DA:73,1
DA:74,1
DA:80,2
DA:82,1
DA:83,2
DA:85,1
DA:86,1
DA:87,2
DA:89,1
DA:90,1
DA:94,2
DA:97,1
DA:98,2
DA:100,1
DA:101,1
DA:102,2
DA:104,1
DA:105,1
DA:109,2
DA:112,1
DA:113,2
DA:114,1
DA:115,1
LF:51
LH:51
end_of_record
SF:lib/presentation/provider/tv_list_notifier.dart
DA:13,2
DA:17,2
DA:21,2
DA:25,2
DA:29,2
DA:33,2
DA:37,2
DA:43,1
DA:49,1
DA:50,1
DA:51,1
DA:53,2
DA:54,1
DA:55,1
DA:56,1
DA:57,2
DA:58,1
DA:60,1
DA:61,1
DA:62,1
DA:63,1
DA:68,1
DA:69,1
DA:70,1
DA:72,2
DA:73,1
DA:74,1
DA:75,1
DA:76,2
DA:77,1
DA:79,1
DA:80,1
DA:81,1
DA:82,1
DA:87,1
DA:88,1
DA:89,1
DA:91,2
DA:92,1
DA:93,1
DA:94,1
DA:95,2
DA:96,1
DA:98,1
DA:99,1
DA:100,1
DA:101,1
LF:47
LH:47
end_of_record
SF:lib/presentation/provider/popular_movies_notifier.dart
DA:9,1
DA:12,2
DA:15,2
DA:18,2
DA:20,1
DA:21,1
DA:22,1
DA:24,2
DA:26,1
DA:27,1
DA:28,2
DA:29,1
DA:30,1
DA:32,1
DA:33,1
DA:34,1
DA:35,1
LF:17
LH:17
end_of_record
SF:lib/presentation/provider/movie_list_notifier.dart
DA:10,2
DA:13,2
DA:16,2
DA:19,2
DA:22,2
DA:25,2
DA:28,2
DA:30,1
DA:40,1
DA:41,1
DA:42,1
DA:44,2
DA:45,1
DA:46,1
DA:47,1
DA:48,2
DA:49,1
DA:51,1
DA:52,1
DA:53,1
DA:54,1
DA:59,1
DA:60,1
DA:61,1
DA:63,2
DA:64,1
DA:65,1
DA:66,1
DA:67,2
DA:68,1
DA:70,1
DA:71,1
DA:72,1
DA:73,1
DA:78,1
DA:79,1
DA:80,1
DA:82,2
DA:83,1
DA:84,1
DA:85,1
DA:86,2
DA:87,1
DA:89,1
DA:90,1
DA:91,1
DA:92,1
LF:47
LH:47
end_of_record
SF:lib/presentation/provider/top_rated_tv_notifier.dart
DA:9,1
DA:15,2
DA:19,2
DA:23,2
DA:25,1
DA:26,1
DA:27,1
DA:29,2
DA:30,1
DA:31,1
DA:32,1
DA:33,2
DA:34,1
DA:36,1
DA:37,1
DA:38,1
DA:39,1
LF:17
LH:17
end_of_record
SF:lib/presentation/provider/tv_season_detail_notifier.dart
DA:9,1
DA:12,2
DA:15,2
DA:18,2
DA:20,1
DA:21,1
DA:22,1
DA:24,2
DA:25,1
DA:26,1
DA:27,2
DA:28,1
DA:29,1
DA:31,1
DA:32,1
DA:33,1
DA:34,1
LF:17
LH:17
end_of_record
SF:lib/presentation/provider/tv_detail_notifier.dart
DA:21,1
DA:31,2
DA:35,2
DA:39,2
DA:43,2
DA:47,2
DA:50,2
DA:52,1
DA:53,1
DA:54,1
DA:56,2
DA:57,2
DA:58,1
DA:59,1
DA:60,1
DA:61,2
DA:62,1
DA:64,1
DA:65,1
DA:66,1
DA:68,1
DA:69,1
DA:70,1
DA:71,2
DA:73,1
DA:74,1
DA:75,1
DA:79,1
DA:80,1
DA:81,1
DA:87,2
DA:89,1
DA:90,2
DA:92,1
DA:93,1
DA:94,2
DA:96,1
DA:97,1
DA:101,2
DA:104,1
DA:105,2
DA:107,1
DA:108,1
DA:109,2
DA:111,1
DA:112,1
DA:116,2
DA:119,1
DA:120,2
DA:121,1
DA:122,1
LF:51
LH:51
end_of_record
SF:lib/presentation/provider/popular_tv_notifier.dart
DA:9,1
DA:14,2
DA:17,2
DA:20,2
DA:22,1
DA:23,1
DA:24,1
DA:26,2
DA:27,1
DA:28,1
DA:29,1
DA:30,2
DA:31,1
DA:33,1
DA:34,1
DA:35,1
DA:36,1
LF:17
LH:17
end_of_record
SF:lib/presentation/provider/tv_search_notifier.dart
DA:9,1
DA:12,2
DA:15,2
DA:18,2
DA:20,1
DA:21,1
DA:22,1
DA:24,2
DA:25,1
DA:26,1
DA:27,2
DA:28,1
DA:29,1
DA:31,1
DA:32,1
DA:33,1
DA:34,1
LF:17
LH:17
end_of_record
SF:lib/presentation/provider/movie_search_notifier.dart
DA:9,1
DA:12,2
DA:15,2
DA:18,2
DA:20,1
DA:21,1
DA:22,1
DA:24,2
DA:25,1
DA:26,1
DA:27,2
DA:28,1
DA:29,1
DA:31,1
DA:32,1
DA:33,1
DA:34,1
LF:17
LH:17
end_of_record
SF:lib/presentation/provider/top_rated_movies_notifier.dart
DA:9,1
DA:12,2
DA:15,2
DA:18,2
DA:20,1
DA:21,1
DA:22,1
DA:24,2
DA:26,1
DA:27,1
DA:28,2
DA:29,1
DA:30,1
DA:32,1
DA:33,1
DA:34,1
DA:35,1
LF:17
LH:17
end_of_record
SF:lib/common/constants.dart
DA:15,10
DA:16,5
DA:17,21
DA:19,12
DA:21,12
DA:25,12
DA:26,4
DA:27,4
DA:28,4
DA:29,4
LF:10
LH:10
end_of_record
SF:lib/presentation/pages/tv_season_detail_page.dart
DA:13,2
DA:20,4
DA:22,2
DA:23,2
DA:28,2
DA:30,2
DA:31,8
DA:32,14
DA:35,2
DA:37,2
DA:38,2
DA:39,2
DA:41,2
DA:42,2
DA:43,4
DA:44,2
DA:45,4
DA:46,4
DA:48,2
DA:58,4
DA:60,2
DA:62,2
DA:64,2
DA:66,2
DA:67,2
DA:68,6
DA:70,4
DA:71,2
DA:73,0
DA:75,8
DA:76,2
DA:77,4
DA:78,2
DA:79,2
DA:80,6
DA:81,2
DA:82,6
DA:83,2
DA:84,8
DA:85,6
LF:40
LH:39
end_of_record
SF:lib/presentation/pages/tv_detail_page.dart
DA:17,2
DA:19,2
DA:20,2
DA:25,2
DA:27,2
DA:28,4
DA:29,4
DA:30,6
DA:34,2
DA:36,2
DA:37,2
DA:38,2
DA:39,4
DA:40,1
DA:41,1
DA:43,4
DA:44,2
DA:45,2
DA:46,2
DA:48,2
DA:49,2
DA:53,2
DA:66,2
DA:68,2
DA:70,6
DA:71,2
DA:72,2
DA:73,2
DA:74,6
DA:76,4
DA:77,2
DA:79,0
DA:81,2
DA:83,2
DA:84,2
DA:85,2
DA:86,2
DA:88,4
DA:95,2
DA:96,2
DA:97,2
DA:99,2
DA:101,2
DA:103,2
DA:104,2
DA:105,4
DA:106,2
DA:108,2
DA:109,1
DA:110,1
DA:111,1
DA:114,2
DA:116,1
DA:119,2
DA:123,1
DA:125,1
DA:127,1
DA:130,1
DA:133,2
DA:134,2
DA:136,1
DA:138,1
DA:139,1
DA:140,1
DA:145,2
DA:147,2
DA:148,2
DA:149,1
DA:150,2
DA:151,2
DA:155,2
DA:156,6
DA:158,2
DA:159,8
DA:161,6
DA:164,2
DA:165,2
DA:166,2
DA:167,6
DA:169,4
DA:175,8
DA:178,2
DA:179,2
DA:181,2
DA:183,2
DA:184,4
DA:186,2
DA:187,4
DA:188,2
DA:189,2
DA:191,6
DA:192,2
DA:193,6
DA:194,2
DA:196,2
DA:197,6
DA:198,1
DA:199,1
DA:201,1
DA:202,2
DA:203,1
DA:207,2
DA:209,2
DA:210,2
DA:211,2
DA:212,2
DA:214,2
DA:216,4
DA:218,2
DA:219,2
DA:221,2
DA:224,0
DA:225,0
DA:228,6
DA:229,6
DA:237,2
DA:238,2
DA:240,2
DA:242,2
DA:243,2
DA:244,4
DA:246,1
DA:247,1
DA:249,4
DA:251,2
DA:252,4
DA:254,2
DA:256,2
DA:258,2
DA:259,4
DA:260,2
DA:262,2
DA:263,6
DA:264,1
DA:265,1
DA:268,1
DA:271,2
DA:272,2
DA:273,2
DA:275,2
DA:277,4
DA:278,2
DA:279,2
DA:281,2
DA:284,0
DA:285,0
DA:291,4
DA:295,1
DA:303,2
DA:305,2
DA:320,2
DA:322,2
DA:325,2
DA:326,2
DA:327,1
DA:328,1
DA:337,2
DA:339,4
DA:340,6
DA:343,2
DA:347,6
DA:350,2
DA:351,2
DA:352,2
DA:354,2
DA:355,1
DA:357,2
LF:167
LH:162
end_of_record
SF:lib/presentation/pages/movie_detail_page.dart
DA:16,2
DA:18,2
DA:19,2
DA:23,2
DA:25,2
DA:26,4
DA:27,4
DA:28,6
DA:29,4
DA:30,6
DA:34,2
DA:36,2
DA:37,2
DA:38,2
DA:39,4
DA:40,1
DA:41,1
DA:43,4
DA:44,2
DA:45,2
DA:46,2
DA:48,2
DA:49,2
DA:53,2
DA:66,2
DA:68,2
DA:70,6
DA:71,2
DA:72,2
DA:73,2
DA:74,6
DA:76,4
DA:77,2
DA:79,0
DA:81,2
DA:83,2
DA:84,2
DA:85,2
DA:86,2
DA:88,4
DA:95,2
DA:96,2
DA:97,2
DA:99,2
DA:101,2
DA:103,2
DA:104,2
DA:105,4
DA:106,2
DA:108,2
DA:109,1
DA:110,1
DA:111,1
DA:114,2
DA:116,1
DA:119,2
DA:123,1
DA:125,1
DA:127,1
DA:130,1
DA:133,2
DA:134,2
DA:136,1
DA:138,1
DA:139,1
DA:140,1
DA:145,2
DA:147,2
DA:148,2
DA:149,1
DA:150,2
DA:151,2
DA:155,2
DA:156,6
DA:158,2
DA:159,6
DA:161,2
DA:162,2
DA:163,2
DA:164,6
DA:166,4
DA:172,8
DA:175,2
DA:176,2
DA:178,2
DA:180,2
DA:181,4
DA:183,2
DA:184,2
DA:186,2
DA:188,2
DA:189,2
DA:190,4
DA:192,1
DA:193,1
DA:195,4
DA:197,2
DA:198,4
DA:200,2
DA:202,2
DA:204,2
DA:205,4
DA:206,2
DA:208,2
DA:209,6
DA:210,1
DA:211,1
DA:214,1
DA:217,2
DA:218,2
DA:219,2
DA:221,2
DA:223,4
DA:224,2
DA:225,2
DA:227,2
DA:230,0
DA:231,0
DA:237,4
DA:241,1
DA:249,2
DA:251,2
DA:266,2
DA:268,2
DA:271,2
DA:272,2
DA:273,1
DA:274,1
DA:283,2
DA:285,4
DA:286,6
DA:289,2
DA:293,6
DA:296,2
DA:297,2
DA:298,2
DA:300,2
DA:301,2
DA:303,1
LF:139
LH:136
end_of_record
SF:lib/presentation/pages/top_rated_movies_page.dart
DA:10,1
DA:11,1
DA:15,1
DA:17,1
DA:18,2
DA:19,2
DA:20,1
DA:23,1
DA:25,1
DA:26,1
DA:27,1
DA:29,1
DA:31,1
DA:32,1
DA:33,2
DA:34,1
DA:35,1
DA:37,2
DA:38,1
DA:39,1
DA:40,2
DA:41,1
DA:43,2
DA:46,1
DA:47,1
DA:48,2
LF:26
LH:26
end_of_record
SF:lib/presentation/widgets/movie_card.dart
DA:10,2
DA:12,2
DA:14,2
DA:16,2
DA:17,1
DA:18,1
DA:21,2
DA:24,2
DA:26,2
DA:27,2
DA:28,2
DA:34,2
DA:36,2
DA:37,2
DA:38,4
DA:41,2
DA:43,2
DA:44,2
DA:45,4
DA:53,2
DA:58,2
DA:59,2
DA:60,6
DA:62,4
DA:63,2
DA:65,0
DA:67,4
LF:27
LH:26
end_of_record
SF:lib/presentation/pages/top_rated_tv_page.dart
DA:10,1
DA:11,1
DA:15,1
DA:17,1
DA:18,2
DA:19,2
DA:20,1
DA:23,1
DA:25,1
DA:26,1
DA:27,1
DA:29,1
DA:31,1
DA:32,1
DA:33,2
DA:34,1
DA:35,1
DA:37,2
DA:38,1
DA:39,1
DA:40,2
DA:41,1
DA:43,2
DA:46,1
DA:47,1
DA:48,2
LF:26
LH:26
end_of_record
SF:lib/presentation/widgets/tv_card.dart
DA:10,2
DA:12,2
DA:14,2
DA:16,2
DA:17,1
DA:18,1
DA:21,2
DA:24,2
DA:26,2
DA:27,2
DA:28,2
DA:34,2
DA:36,2
DA:37,2
DA:38,4
DA:41,2
DA:43,2
DA:44,2
DA:45,4
DA:53,2
DA:58,2
DA:59,2
DA:60,6
DA:62,4
DA:63,2
DA:65,0
DA:67,4
LF:27
LH:26
end_of_record
SF:lib/presentation/pages/popular_tv_page.dart
DA:10,1
DA:11,1
DA:15,1
DA:17,1
DA:18,2
DA:19,2
DA:20,1
DA:23,1
DA:25,1
DA:26,1
DA:27,1
DA:29,1
DA:31,1
DA:32,1
DA:33,2
DA:34,1
DA:35,1
DA:37,2
DA:38,1
DA:39,1
DA:40,2
DA:41,1
DA:43,2
DA:46,1
DA:47,1
DA:48,2
LF:26
LH:26
end_of_record
SF:lib/presentation/pages/popular_movies_page.dart
DA:10,1
DA:11,1
DA:15,1
DA:17,1
DA:18,2
DA:19,2
DA:20,1
DA:23,1
DA:25,1
DA:26,1
DA:27,1
DA:29,1
DA:31,1
DA:32,1
DA:33,2
DA:34,1
DA:35,1
DA:37,2
DA:38,1
DA:39,1
DA:40,2
DA:41,1
DA:43,2
DA:46,1
DA:47,1
DA:48,2
LF:26
LH:26
end_of_record
